<?xml version="1.0" encoding="UTF-8"?>
<coverage generated="1773890979697" clover="3.2.0">
  <project timestamp="1773890979698" name="All files">
    <metrics statements="76" coveredstatements="76" conditionals="51" coveredconditionals="51" methods="28" coveredmethods="28" elements="155" coveredelements="155" complexity="0" loc="76" ncloc="76" packages="1" files="4" classes="4"/>
    <file name="prDetection.ts" path="C:\Users\omore\LehighCSE\CSE217\Projects\gym-tracker\gym-tracker\app\utils\prDetection.ts">
      <metrics statements="17" coveredstatements="17" conditionals="28" coveredconditionals="28" methods="5" coveredmethods="5"/>
      <line num="25" count="12" type="stmt"/>
      <line num="26" count="12" type="stmt"/>
      <line num="28" count="12" type="stmt"/>
      <line num="29" count="21" type="cond" truecount="2" falsecount="0"/>
      <line num="30" count="13" type="cond" truecount="2" falsecount="0"/>
      <line num="32" count="18" type="cond" truecount="4" falsecount="0"/>
      <line num="33" count="11" type="stmt"/>
      <line num="34" count="18" type="cond" truecount="4" falsecount="0"/>
      <line num="35" count="1" type="stmt"/>
      <line num="38" count="11" type="stmt"/>
      <line num="39" count="11" type="cond" truecount="2" falsecount="0"/>
      <line num="40" count="11" type="cond" truecount="2" falsecount="0"/>
      <line num="42" count="11" type="stmt"/>
      <line num="43" count="11" type="stmt"/>
      <line num="45" count="11" type="cond" truecount="4" falsecount="0"/>
      <line num="46" count="7" type="stmt"/>
      <line num="55" count="12" type="stmt"/>
    </file>
    <file name="pressGuard.ts" path="C:\Users\omore\LehighCSE\CSE217\Projects\gym-tracker\gym-tracker\app\utils\pressGuard.ts">
      <metrics statements="8" coveredstatements="8" conditionals="3" coveredconditionals="3" methods="3" coveredmethods="3"/>
      <line num="7" count="7" type="stmt"/>
      <line num="9" count="7" type="stmt"/>
      <line num="10" count="14" type="cond" truecount="2" falsecount="0"/>
      <line num="11" count="10" type="stmt"/>
      <line num="12" count="10" type="stmt"/>
      <line num="13" count="10" type="stmt"/>
      <line num="15" count="10" type="stmt"/>
      <line num="16" count="3" type="stmt"/>
    </file>
    <file name="units.ts" path="C:\Users\omore\LehighCSE\CSE217\Projects\gym-tracker\gym-tracker\app\utils\units.ts">
      <metrics statements="16" coveredstatements="16" conditionals="12" coveredconditionals="12" methods="6" coveredmethods="6"/>
      <line num="5" count="1" type="stmt"/>
      <line num="6" count="1" type="stmt"/>
      <line num="9" count="20" type="stmt"/>
      <line num="11" count="20" type="stmt"/>
      <line num="12" count="12" type="stmt"/>
      <line num="13" count="12" type="cond" truecount="4" falsecount="0"/>
      <line num="17" count="20" type="stmt"/>
      <line num="18" count="2" type="stmt"/>
      <line num="19" count="2" type="stmt"/>
      <line num="23" count="20" type="stmt"/>
      <line num="24" count="11" type="cond" truecount="2" falsecount="0"/>
      <line num="25" count="8" type="cond" truecount="2" falsecount="0"/>
      <line num="29" count="20" type="stmt"/>
      <line num="30" count="5" type="cond" truecount="2" falsecount="0"/>
      <line num="31" count="4" type="cond" truecount="2" falsecount="0"/>
      <line num="34" count="20" type="stmt"/>
    </file>
    <file name="useRestTimer.ts" path="C:\Users\omore\LehighCSE\CSE217\Projects\gym-tracker\gym-tracker\app\utils\useRestTimer.ts">
      <metrics statements="35" coveredstatements="35" conditionals="8" coveredconditionals="8" methods="14" coveredmethods="14"/>
      <line num="4" count="1" type="stmt"/>
      <line num="5" count="1" type="stmt"/>
      <line num="8" count="45" type="stmt"/>
      <line num="9" count="45" type="stmt"/>
      <line num="10" count="45" type="stmt"/>
      <line num="11" count="45" type="stmt"/>
      <line num="13" count="45" type="stmt"/>
      <line num="14" count="17" type="stmt"/>
      <line num="15" count="17" type="cond" truecount="2" falsecount="0"/>
      <line num="19" count="45" type="stmt"/>
      <line num="20" count="45" type="cond" truecount="2" falsecount="0"/>
      <line num="21" count="45" type="stmt"/>
      <line num="24" count="45" type="stmt"/>
      <line num="25" count="14" type="cond" truecount="2" falsecount="0"/>
      <line num="26" count="14" type="stmt"/>
      <line num="27" count="14" type="stmt"/>
      <line num="28" count="14" type="stmt"/>
      <line num="29" count="38" type="stmt"/>
      <line num="30" count="38" type="cond" truecount="2" falsecount="0"/>
      <line num="31" count="11" type="stmt"/>
      <line num="32" count="11" type="stmt"/>
      <line num="33" count="11" type="stmt"/>
      <line num="35" count="27" type="stmt"/>
      <line num="40" count="45" type="stmt"/>
      <line num="41" count="3" type="stmt"/>
      <line num="42" count="3" type="stmt"/>
      <line num="45" count="45" type="stmt"/>
      <line num="46" count="2" type="stmt"/>
      <line num="49" count="45" type="stmt"/>
      <line num="50" count="2" type="stmt"/>
      <line num="53" count="45" type="stmt"/>
      <line num="54" count="2" type="stmt"/>
      <line num="55" count="2" type="stmt"/>
      <line num="58" count="45" type="stmt"/>
      <line num="60" count="45" type="stmt"/>
    </file>
  </project>
</coverage>
