{"C:\\Users\\omore\\LehighCSE\\CSE217\\Projects\\gym-tracker\\gym-tracker\\app\\utils\\prDetection.ts": {"path":"C:\\Users\\omore\\LehighCSE\\CSE217\\Projects\\gym-tracker\\gym-tracker\\app\\utils\\prDetection.ts","statementMap":{"0":{"start":{"line":25,"column":30},"end":{"line":25,"column":32}},"1":{"start":{"line":26,"column":18},"end":{"line":26,"column":73}},"2":{"start":{"line":26,"column":53},"end":{"line":26,"column":71}},"3":{"start":{"line":28,"column":2},"end":{"line":53,"column":3}},"4":{"start":{"line":29,"column":17},"end":{"line":29,"column":88}},"5":{"start":{"line":29,"column":76},"end":{"line":29,"column":87}},"6":{"start":{"line":30,"column":4},"end":{"line":30,"column":36}},"7":{"start":{"line":30,"column":27},"end":{"line":30,"column":36}},"8":{"start":{"line":32,"column":22},"end":{"line":32,"column":97}},"9":{"start":{"line":32,"column":45},"end":{"line":32,"column":92}},"10":{"start":{"line":33,"column":24},"end":{"line":36,"column":9}},"11":{"start":{"line":34,"column":6},"end":{"line":34,"column":77}},"12":{"start":{"line":34,"column":46},"end":{"line":34,"column":77}},"13":{"start":{"line":35,"column":6},"end":{"line":35,"column":17}},"14":{"start":{"line":38,"column":17},"end":{"line":38,"column":44}},"15":{"start":{"line":39,"column":23},"end":{"line":39,"column":44}},"16":{"start":{"line":40,"column":23},"end":{"line":40,"column":44}},"17":{"start":{"line":42,"column":21},"end":{"line":42,"column":43}},"18":{"start":{"line":43,"column":21},"end":{"line":43,"column":45}},"19":{"start":{"line":45,"column":4},"end":{"line":52,"column":5}},"20":{"start":{"line":46,"column":6},"end":{"line":51,"column":9}},"21":{"start":{"line":55,"column":2},"end":{"line":55,"column":17}}},"fnMap":{"0":{"name":"detectPRs","decl":{"start":{"line":20,"column":16},"end":{"line":20,"column":25}},"loc":{"start":{"line":24,"column":14},"end":{"line":56,"column":1}},"line":24},"1":{"name":"(anonymous_1)","decl":{"start":{"line":26,"column":46},"end":{"line":26,"column":47}},"loc":{"start":{"line":26,"column":53},"end":{"line":26,"column":71}},"line":26},"2":{"name":"(anonymous_2)","decl":{"start":{"line":29,"column":69},"end":{"line":29,"column":70}},"loc":{"start":{"line":29,"column":76},"end":{"line":29,"column":87}},"line":29},"3":{"name":"(anonymous_3)","decl":{"start":{"line":32,"column":34},"end":{"line":32,"column":35}},"loc":{"start":{"line":32,"column":45},"end":{"line":32,"column":92}},"line":32},"4":{"name":"(anonymous_4)","decl":{"start":{"line":33,"column":36},"end":{"line":33,"column":37}},"loc":{"start":{"line":33,"column":48},"end":{"line":36,"column":5}},"line":33}},"branchMap":{"0":{"loc":{"start":{"line":29,"column":18},"end":{"line":29,"column":60}},"type":"binary-expr","locations":[{"start":{"line":29,"column":18},"end":{"line":29,"column":54}},{"start":{"line":29,"column":58},"end":{"line":29,"column":60}}],"line":29},"1":{"loc":{"start":{"line":30,"column":4},"end":{"line":30,"column":36}},"type":"if","locations":[{"start":{"line":30,"column":4},"end":{"line":30,"column":36}},{"start":{},"end":{}}],"line":30},"2":{"loc":{"start":{"line":32,"column":45},"end":{"line":32,"column":92}},"type":"cond-expr","locations":[{"start":{"line":32,"column":80},"end":{"line":32,"column":88}},{"start":{"line":32,"column":91},"end":{"line":32,"column":92}}],"line":32},"3":{"loc":{"start":{"line":32,"column":45},"end":{"line":32,"column":77}},"type":"binary-expr","locations":[{"start":{"line":32,"column":45},"end":{"line":32,"column":61}},{"start":{"line":32,"column":65},"end":{"line":32,"column":77}}],"line":32},"4":{"loc":{"start":{"line":34,"column":6},"end":{"line":34,"column":77}},"type":"if","locations":[{"start":{"line":34,"column":6},"end":{"line":34,"column":77}},{"start":{},"end":{}}],"line":34},"5":{"loc":{"start":{"line":34,"column":10},"end":{"line":34,"column":44}},"type":"binary-expr","locations":[{"start":{"line":34,"column":10},"end":{"line":34,"column":26}},{"start":{"line":34,"column":30},"end":{"line":34,"column":44}}],"line":34},"6":{"loc":{"start":{"line":39,"column":23},"end":{"line":39,"column":44}},"type":"binary-expr","locations":[{"start":{"line":39,"column":23},"end":{"line":39,"column":39}},{"start":{"line":39,"column":43},"end":{"line":39,"column":44}}],"line":39},"7":{"loc":{"start":{"line":40,"column":23},"end":{"line":40,"column":44}},"type":"binary-expr","locations":[{"start":{"line":40,"column":23},"end":{"line":40,"column":39}},{"start":{"line":40,"column":43},"end":{"line":40,"column":44}}],"line":40},"8":{"loc":{"start":{"line":45,"column":4},"end":{"line":52,"column":5}},"type":"if","locations":[{"start":{"line":45,"column":4},"end":{"line":52,"column":5}},{"start":{},"end":{}}],"line":45},"9":{"loc":{"start":{"line":45,"column":8},"end":{"line":45,"column":28}},"type":"binary-expr","locations":[{"start":{"line":45,"column":8},"end":{"line":45,"column":16}},{"start":{"line":45,"column":20},"end":{"line":45,"column":28}}],"line":45},"10":{"loc":{"start":{"line":49,"column":14},"end":{"line":49,"column":76}},"type":"cond-expr","locations":[{"start":{"line":49,"column":37},"end":{"line":49,"column":43}},{"start":{"line":49,"column":46},"end":{"line":49,"column":76}}],"line":49},"11":{"loc":{"start":{"line":49,"column":14},"end":{"line":49,"column":34}},"type":"binary-expr","locations":[{"start":{"line":49,"column":14},"end":{"line":49,"column":22}},{"start":{"line":49,"column":26},"end":{"line":49,"column":34}}],"line":49},"12":{"loc":{"start":{"line":49,"column":46},"end":{"line":49,"column":76}},"type":"cond-expr","locations":[{"start":{"line":49,"column":57},"end":{"line":49,"column":65}},{"start":{"line":49,"column":68},"end":{"line":49,"column":76}}],"line":49},"13":{"loc":{"start":{"line":50,"column":16},"end":{"line":50,"column":50}},"type":"cond-expr","locations":[{"start":{"line":50,"column":27},"end":{"line":50,"column":36}},{"start":{"line":50,"column":39},"end":{"line":50,"column":50}}],"line":50}},"s":{"0":12,"1":12,"2":9,"3":12,"4":13,"5":21,"6":13,"7":2,"8":11,"9":18,"10":11,"11":18,"12":17,"13":1,"14":11,"15":11,"16":11,"17":11,"18":11,"19":11,"20":7,"21":12},"f":{"0":12,"1":9,"2":21,"3":18,"4":18},"b":{"0":[13,1],"1":[2,11],"2":[13,5],"3":[18,17],"4":[17,1],"5":[18,17],"6":[11,2],"7":[11,2],"8":[7,4],"9":[11,5],"10":[5,2],"11":[7,6],"12":[1,1],"13":[6,1]},"_coverageSchema":"1a1c01bbd47fc00a2c39e90264f33305004495a9","hash":"bafdc6893af45de577a4d9104b564ab942bbfbce"}
,"C:\\Users\\omore\\LehighCSE\\CSE217\\Projects\\gym-tracker\\gym-tracker\\app\\utils\\pressGuard.ts": {"path":"C:\\Users\\omore\\LehighCSE\\CSE217\\Projects\\gym-tracker\\gym-tracker\\app\\utils\\pressGuard.ts","statementMap":{"0":{"start":{"line":7,"column":15},"end":{"line":7,"column":28}},"1":{"start":{"line":9,"column":2},"end":{"line":19,"column":20}},"2":{"start":{"line":10,"column":4},"end":{"line":10,"column":29}},"3":{"start":{"line":10,"column":22},"end":{"line":10,"column":29}},"4":{"start":{"line":11,"column":4},"end":{"line":11,"column":24}},"5":{"start":{"line":12,"column":4},"end":{"line":18,"column":5}},"6":{"start":{"line":13,"column":6},"end":{"line":13,"column":24}},"7":{"start":{"line":15,"column":6},"end":{"line":17,"column":18}},"8":{"start":{"line":16,"column":8},"end":{"line":16,"column":29}}},"fnMap":{"0":{"name":"useGuardedPress","decl":{"start":{"line":6,"column":16},"end":{"line":6,"column":31}},"loc":{"start":{"line":6,"column":93},"end":{"line":20,"column":1}},"line":6},"1":{"name":"(anonymous_1)","decl":{"start":{"line":9,"column":21},"end":{"line":9,"column":22}},"loc":{"start":{"line":9,"column":47},"end":{"line":19,"column":3}},"line":9},"2":{"name":"(anonymous_2)","decl":{"start":{"line":15,"column":17},"end":{"line":15,"column":18}},"loc":{"start":{"line":15,"column":23},"end":{"line":17,"column":7}},"line":15}},"branchMap":{"0":{"loc":{"start":{"line":6,"column":78},"end":{"line":6,"column":91}},"type":"default-arg","locations":[{"start":{"line":6,"column":88},"end":{"line":6,"column":91}}],"line":6},"1":{"loc":{"start":{"line":10,"column":4},"end":{"line":10,"column":29}},"type":"if","locations":[{"start":{"line":10,"column":4},"end":{"line":10,"column":29}},{"start":{},"end":{}}],"line":10}},"s":{"0":7,"1":7,"2":14,"3":4,"4":10,"5":10,"6":10,"7":10,"8":3},"f":{"0":7,"1":14,"2":3},"b":{"0":[2],"1":[4,10]},"_coverageSchema":"1a1c01bbd47fc00a2c39e90264f33305004495a9","hash":"d618bf4bb215d92c47a877af748b3b5d9dec2e1f"}
,"C:\\Users\\omore\\LehighCSE\\CSE217\\Projects\\gym-tracker\\gym-tracker\\app\\utils\\units.ts": {"path":"C:\\Users\\omore\\LehighCSE\\CSE217\\Projects\\gym-tracker\\gym-tracker\\app\\utils\\units.ts","statementMap":{"0":{"start":{"line":5,"column":20},"end":{"line":5,"column":40}},"1":{"start":{"line":6,"column":18},"end":{"line":6,"column":26}},"2":{"start":{"line":9,"column":26},"end":{"line":9,"column":53}},"3":{"start":{"line":11,"column":2},"end":{"line":15,"column":9}},"4":{"start":{"line":12,"column":4},"end":{"line":14,"column":7}},"5":{"start":{"line":13,"column":6},"end":{"line":13,"column":54}},"6":{"start":{"line":13,"column":41},"end":{"line":13,"column":54}},"7":{"start":{"line":17,"column":19},"end":{"line":20,"column":8}},"8":{"start":{"line":18,"column":4},"end":{"line":18,"column":15}},"9":{"start":{"line":19,"column":4},"end":{"line":19,"column":47}},"10":{"start":{"line":23,"column":20},"end":{"line":26,"column":12}},"11":{"start":{"line":24,"column":4},"end":{"line":24,"column":33}},"12":{"start":{"line":24,"column":21},"end":{"line":24,"column":33}},"13":{"start":{"line":25,"column":4},"end":{"line":25,"column":73}},"14":{"start":{"line":29,"column":20},"end":{"line":32,"column":12}},"15":{"start":{"line":30,"column":4},"end":{"line":30,"column":33}},"16":{"start":{"line":30,"column":21},"end":{"line":30,"column":33}},"17":{"start":{"line":31,"column":4},"end":{"line":31,"column":73}},"18":{"start":{"line":34,"column":2},"end":{"line":34,"column":63}}},"fnMap":{"0":{"name":"useUnits","decl":{"start":{"line":8,"column":16},"end":{"line":8,"column":24}},"loc":{"start":{"line":8,"column":27},"end":{"line":35,"column":1}},"line":8},"1":{"name":"(anonymous_1)","decl":{"start":{"line":11,"column":12},"end":{"line":11,"column":13}},"loc":{"start":{"line":11,"column":18},"end":{"line":15,"column":3}},"line":11},"2":{"name":"(anonymous_2)","decl":{"start":{"line":12,"column":43},"end":{"line":12,"column":44}},"loc":{"start":{"line":12,"column":52},"end":{"line":14,"column":5}},"line":12},"3":{"name":"(anonymous_3)","decl":{"start":{"line":17,"column":31},"end":{"line":17,"column":32}},"loc":{"start":{"line":17,"column":56},"end":{"line":20,"column":3}},"line":17},"4":{"name":"(anonymous_4)","decl":{"start":{"line":23,"column":32},"end":{"line":23,"column":33}},"loc":{"start":{"line":23,"column":83},"end":{"line":26,"column":3}},"line":23},"5":{"name":"(anonymous_5)","decl":{"start":{"line":29,"column":32},"end":{"line":29,"column":33}},"loc":{"start":{"line":29,"column":83},"end":{"line":32,"column":3}},"line":29}},"branchMap":{"0":{"loc":{"start":{"line":13,"column":6},"end":{"line":13,"column":54}},"type":"if","locations":[{"start":{"line":13,"column":6},"end":{"line":13,"column":54}},{"start":{},"end":{}}],"line":13},"1":{"loc":{"start":{"line":13,"column":10},"end":{"line":13,"column":39}},"type":"binary-expr","locations":[{"start":{"line":13,"column":10},"end":{"line":13,"column":22}},{"start":{"line":13,"column":26},"end":{"line":13,"column":39}}],"line":13},"2":{"loc":{"start":{"line":24,"column":4},"end":{"line":24,"column":33}},"type":"if","locations":[{"start":{"line":24,"column":4},"end":{"line":24,"column":33}},{"start":{},"end":{}}],"line":24},"3":{"loc":{"start":{"line":25,"column":11},"end":{"line":25,"column":72}},"type":"cond-expr","locations":[{"start":{"line":25,"column":27},"end":{"line":25,"column":66}},{"start":{"line":25,"column":69},"end":{"line":25,"column":72}}],"line":25},"4":{"loc":{"start":{"line":30,"column":4},"end":{"line":30,"column":33}},"type":"if","locations":[{"start":{"line":30,"column":4},"end":{"line":30,"column":33}},{"start":{},"end":{}}],"line":30},"5":{"loc":{"start":{"line":31,"column":11},"end":{"line":31,"column":72}},"type":"cond-expr","locations":[{"start":{"line":31,"column":27},"end":{"line":31,"column":66}},{"start":{"line":31,"column":69},"end":{"line":31,"column":72}}],"line":31}},"s":{"0":1,"1":1,"2":20,"3":20,"4":12,"5":12,"6":6,"7":20,"8":2,"9":2,"10":20,"11":11,"12":3,"13":8,"14":20,"15":5,"16":1,"17":4,"18":20},"f":{"0":20,"1":12,"2":12,"3":2,"4":11,"5":5},"b":{"0":[6,6],"1":[12,6],"2":[3,8],"3":[4,4],"4":[1,4],"5":[3,1]},"_coverageSchema":"1a1c01bbd47fc00a2c39e90264f33305004495a9","hash":"b1fdd78ea010cb464ae2c19392b7f1f4a2d9f01e"}
,"C:\\Users\\omore\\LehighCSE\\CSE217\\Projects\\gym-tracker\\gym-tracker\\app\\utils\\useRestTimer.ts": {"path":"C:\\Users\\omore\\LehighCSE\\CSE217\\Projects\\gym-tracker\\gym-tracker\\app\\utils\\useRestTimer.ts","statementMap":{"0":{"start":{"line":4,"column":25},"end":{"line":4,"column":27}},"1":{"start":{"line":5,"column":20},"end":{"line":5,"column":48}},"2":{"start":{"line":8,"column":36},"end":{"line":8,"column":47}},"3":{"start":{"line":9,"column":34},"end":{"line":9,"column":60}},"4":{"start":{"line":10,"column":22},"end":{"line":10,"column":73}},"5":{"start":{"line":11,"column":24},"end":{"line":11,"column":57}},"6":{"start":{"line":13,"column":2},"end":{"line":17,"column":9}},"7":{"start":{"line":14,"column":4},"end":{"line":16,"column":7}},"8":{"start":{"line":15,"column":6},"end":{"line":15,"column":46}},"9":{"start":{"line":15,"column":15},"end":{"line":15,"column":46}},"10":{"start":{"line":19,"column":16},"end":{"line":22,"column":8}},"11":{"start":{"line":20,"column":4},"end":{"line":20,"column":64}},"12":{"start":{"line":20,"column":29},"end":{"line":20,"column":64}},"13":{"start":{"line":21,"column":4},"end":{"line":21,"column":31}},"14":{"start":{"line":24,"column":16},"end":{"line":38,"column":23}},"15":{"start":{"line":25,"column":14},"end":{"line":25,"column":30}},"16":{"start":{"line":26,"column":4},"end":{"line":26,"column":12}},"17":{"start":{"line":27,"column":4},"end":{"line":27,"column":20}},"18":{"start":{"line":28,"column":4},"end":{"line":37,"column":13}},"19":{"start":{"line":29,"column":6},"end":{"line":36,"column":9}},"20":{"start":{"line":30,"column":8},"end":{"line":34,"column":9}},"21":{"start":{"line":31,"column":10},"end":{"line":31,"column":18}},"22":{"start":{"line":32,"column":10},"end":{"line":32,"column":36}},"23":{"start":{"line":33,"column":10},"end":{"line":33,"column":19}},"24":{"start":{"line":35,"column":8},"end":{"line":35,"column":21}},"25":{"start":{"line":40,"column":15},"end":{"line":43,"column":13}},"26":{"start":{"line":41,"column":4},"end":{"line":41,"column":12}},"27":{"start":{"line":42,"column":4},"end":{"line":42,"column":20}},"28":{"start":{"line":45,"column":18},"end":{"line":47,"column":8}},"29":{"start":{"line":46,"column":4},"end":{"line":46,"column":34}},"30":{"start":{"line":46,"column":24},"end":{"line":46,"column":32}},"31":{"start":{"line":49,"column":24},"end":{"line":51,"column":8}},"32":{"start":{"line":50,"column":4},"end":{"line":50,"column":31}},"33":{"start":{"line":53,"column":23},"end":{"line":56,"column":8}},"34":{"start":{"line":54,"column":4},"end":{"line":54,"column":22}},"35":{"start":{"line":55,"column":4},"end":{"line":55,"column":58}},"36":{"start":{"line":58,"column":2},"end":{"line":58,"column":42}},"37":{"start":{"line":58,"column":18},"end":{"line":58,"column":31}},"38":{"start":{"line":58,"column":24},"end":{"line":58,"column":31}},"39":{"start":{"line":60,"column":2},"end":{"line":60,"column":110}}},"fnMap":{"0":{"name":"useRestTimer","decl":{"start":{"line":7,"column":16},"end":{"line":7,"column":28}},"loc":{"start":{"line":7,"column":31},"end":{"line":61,"column":1}},"line":7},"1":{"name":"(anonymous_1)","decl":{"start":{"line":13,"column":12},"end":{"line":13,"column":13}},"loc":{"start":{"line":13,"column":18},"end":{"line":17,"column":3}},"line":13},"2":{"name":"(anonymous_2)","decl":{"start":{"line":14,"column":43},"end":{"line":14,"column":44}},"loc":{"start":{"line":14,"column":52},"end":{"line":16,"column":5}},"line":14},"3":{"name":"(anonymous_3)","decl":{"start":{"line":19,"column":28},"end":{"line":19,"column":29}},"loc":{"start":{"line":19,"column":34},"end":{"line":22,"column":3}},"line":19},"4":{"name":"(anonymous_4)","decl":{"start":{"line":24,"column":28},"end":{"line":24,"column":29}},"loc":{"start":{"line":24,"column":47},"end":{"line":38,"column":3}},"line":24},"5":{"name":"(anonymous_5)","decl":{"start":{"line":28,"column":38},"end":{"line":28,"column":39}},"loc":{"start":{"line":28,"column":44},"end":{"line":37,"column":5}},"line":28},"6":{"name":"(anonymous_6)","decl":{"start":{"line":29,"column":19},"end":{"line":29,"column":20}},"loc":{"start":{"line":29,"column":26},"end":{"line":36,"column":7}},"line":29},"7":{"name":"(anonymous_7)","decl":{"start":{"line":40,"column":27},"end":{"line":40,"column":28}},"loc":{"start":{"line":40,"column":33},"end":{"line":43,"column":3}},"line":40},"8":{"name":"(anonymous_8)","decl":{"start":{"line":45,"column":30},"end":{"line":45,"column":31}},"loc":{"start":{"line":45,"column":48},"end":{"line":47,"column":3}},"line":45},"9":{"name":"(anonymous_9)","decl":{"start":{"line":46,"column":17},"end":{"line":46,"column":18}},"loc":{"start":{"line":46,"column":24},"end":{"line":46,"column":32}},"line":46},"10":{"name":"(anonymous_10)","decl":{"start":{"line":49,"column":36},"end":{"line":49,"column":37}},"loc":{"start":{"line":49,"column":56},"end":{"line":51,"column":3}},"line":49},"11":{"name":"(anonymous_11)","decl":{"start":{"line":53,"column":35},"end":{"line":53,"column":36}},"loc":{"start":{"line":53,"column":59},"end":{"line":56,"column":3}},"line":53},"12":{"name":"(anonymous_12)","decl":{"start":{"line":58,"column":12},"end":{"line":58,"column":13}},"loc":{"start":{"line":58,"column":18},"end":{"line":58,"column":31}},"line":58},"13":{"name":"(anonymous_13)","decl":{"start":{"line":58,"column":18},"end":{"line":58,"column":19}},"loc":{"start":{"line":58,"column":24},"end":{"line":58,"column":31}},"line":58}},"branchMap":{"0":{"loc":{"start":{"line":15,"column":6},"end":{"line":15,"column":46}},"type":"if","locations":[{"start":{"line":15,"column":6},"end":{"line":15,"column":46}},{"start":{},"end":{}}],"line":15},"1":{"loc":{"start":{"line":20,"column":4},"end":{"line":20,"column":64}},"type":"if","locations":[{"start":{"line":20,"column":4},"end":{"line":20,"column":64}},{"start":{},"end":{}}],"line":20},"2":{"loc":{"start":{"line":25,"column":14},"end":{"line":25,"column":30}},"type":"binary-expr","locations":[{"start":{"line":25,"column":14},"end":{"line":25,"column":18}},{"start":{"line":25,"column":22},"end":{"line":25,"column":30}}],"line":25},"3":{"loc":{"start":{"line":30,"column":8},"end":{"line":34,"column":9}},"type":"if","locations":[{"start":{"line":30,"column":8},"end":{"line":34,"column":9}},{"start":{},"end":{}}],"line":30}},"s":{"0":1,"1":1,"2":45,"3":45,"4":45,"5":45,"6":45,"7":17,"8":17,"9":1,"10":45,"11":45,"12":14,"13":45,"14":45,"15":14,"16":14,"17":14,"18":14,"19":38,"20":38,"21":11,"22":11,"23":11,"24":27,"25":45,"26":3,"27":3,"28":45,"29":2,"30":2,"31":45,"32":2,"33":45,"34":2,"35":2,"36":45,"37":17,"38":17,"39":45},"f":{"0":45,"1":17,"2":17,"3":45,"4":14,"5":38,"6":38,"7":3,"8":2,"9":2,"10":2,"11":2,"12":17,"13":17},"b":{"0":[1,16],"1":[14,31],"2":[14,2],"3":[11,27]},"_coverageSchema":"1a1c01bbd47fc00a2c39e90264f33305004495a9","hash":"149479d50cf3b4ffd061181b4562051482a526f9"}
}
