TN:
SF:app\utils\prDetection.ts
FN:20,detectPRs
FN:26,(anonymous_1)
FN:29,(anonymous_2)
FN:32,(anonymous_3)
FN:33,(anonymous_4)
FNF:5
FNH:5
FNDA:12,detectPRs
FNDA:9,(anonymous_1)
FNDA:21,(anonymous_2)
FNDA:18,(anonymous_3)
FNDA:18,(anonymous_4)
DA:25,12
DA:26,12
DA:28,12
DA:29,21
DA:30,13
DA:32,18
DA:33,11
DA:34,18
DA:35,1
DA:38,11
DA:39,11
DA:40,11
DA:42,11
DA:43,11
DA:45,11
DA:46,7
DA:55,12
LF:17
LH:17
BRDA:29,0,0,13
BRDA:29,0,1,1
BRDA:30,1,0,2
BRDA:30,1,1,11
BRDA:32,2,0,13
BRDA:32,2,1,5
BRDA:32,3,0,18
BRDA:32,3,1,17
BRDA:34,4,0,17
BRDA:34,4,1,1
BRDA:34,5,0,18
BRDA:34,5,1,17
BRDA:39,6,0,11
BRDA:39,6,1,2
BRDA:40,7,0,11
BRDA:40,7,1,2
BRDA:45,8,0,7
BRDA:45,8,1,4
BRDA:45,9,0,11
BRDA:45,9,1,5
BRDA:49,10,0,5
BRDA:49,10,1,2
BRDA:49,11,0,7
BRDA:49,11,1,6
BRDA:49,12,0,1
BRDA:49,12,1,1
BRDA:50,13,0,6
BRDA:50,13,1,1
BRF:28
BRH:28
end_of_record
TN:
SF:app\utils\pressGuard.ts
FN:6,useGuardedPress
FN:9,(anonymous_1)
FN:15,(anonymous_2)
FNF:3
FNH:3
FNDA:7,useGuardedPress
FNDA:14,(anonymous_1)
FNDA:3,(anonymous_2)
DA:7,7
DA:9,7
DA:10,14
DA:11,10
DA:12,10
DA:13,10
DA:15,10
DA:16,3
LF:8
LH:8
BRDA:6,0,0,2
BRDA:10,1,0,4
BRDA:10,1,1,10
BRF:3
BRH:3
end_of_record
TN:
SF:app\utils\units.ts
FN:8,useUnits
FN:11,(anonymous_1)
FN:12,(anonymous_2)
FN:17,(anonymous_3)
FN:23,(anonymous_4)
FN:29,(anonymous_5)
FNF:6
FNH:6
FNDA:20,useUnits
FNDA:12,(anonymous_1)
FNDA:12,(anonymous_2)
FNDA:2,(anonymous_3)
FNDA:11,(anonymous_4)
FNDA:5,(anonymous_5)
DA:5,1
DA:6,1
DA:9,20
DA:11,20
DA:12,12
DA:13,12
DA:17,20
DA:18,2
DA:19,2
DA:23,20
DA:24,11
DA:25,8
DA:29,20
DA:30,5
DA:31,4
DA:34,20
LF:16
LH:16
BRDA:13,0,0,6
BRDA:13,0,1,6
BRDA:13,1,0,12
BRDA:13,1,1,6
BRDA:24,2,0,3
BRDA:24,2,1,8
BRDA:25,3,0,4
BRDA:25,3,1,4
BRDA:30,4,0,1
BRDA:30,4,1,4
BRDA:31,5,0,3
BRDA:31,5,1,1
BRF:12
BRH:12
end_of_record
TN:
SF:app\utils\useRestTimer.ts
FN:7,useRestTimer
FN:13,(anonymous_1)
FN:14,(anonymous_2)
FN:19,(anonymous_3)
FN:24,(anonymous_4)
FN:28,(anonymous_5)
FN:29,(anonymous_6)
FN:40,(anonymous_7)
FN:45,(anonymous_8)
FN:46,(anonymous_9)
FN:49,(anonymous_10)
FN:53,(anonymous_11)
FN:58,(anonymous_12)
FN:58,(anonymous_13)
FNF:14
FNH:14
FNDA:45,useRestTimer
FNDA:17,(anonymous_1)
FNDA:17,(anonymous_2)
FNDA:45,(anonymous_3)
FNDA:14,(anonymous_4)
FNDA:38,(anonymous_5)
FNDA:38,(anonymous_6)
FNDA:3,(anonymous_7)
FNDA:2,(anonymous_8)
FNDA:2,(anonymous_9)
FNDA:2,(anonymous_10)
FNDA:2,(anonymous_11)
FNDA:17,(anonymous_12)
FNDA:17,(anonymous_13)
DA:4,1
DA:5,1
DA:8,45
DA:9,45
DA:10,45
DA:11,45
DA:13,45
DA:14,17
DA:15,17
DA:19,45
DA:20,45
DA:21,45
DA:24,45
DA:25,14
DA:26,14
DA:27,14
DA:28,14
DA:29,38
DA:30,38
DA:31,11
DA:32,11
DA:33,11
DA:35,27
DA:40,45
DA:41,3
DA:42,3
DA:45,45
DA:46,2
DA:49,45
DA:50,2
DA:53,45
DA:54,2
DA:55,2
DA:58,45
DA:60,45
LF:35
LH:35
BRDA:15,0,0,1
BRDA:15,0,1,16
BRDA:20,1,0,14
BRDA:20,1,1,31
BRDA:25,2,0,14
BRDA:25,2,1,2
BRDA:30,3,0,11
BRDA:30,3,1,27
BRF:8
BRH:8
end_of_record
